0 info it worked if it ends with ok
1 verbose cli [ 'C:\\Program Files\\nodejs\\node.exe',
1 verbose cli   'C:\\Program Files\\nodejs\\node_modules\\npm\\bin\\npm-cli.js',
1 verbose cli   'run-script',
1 verbose cli   'test-cover' ]
2 info using npm@3.10.8
3 info using node@v7.0.0
4 verbose run-script [ 'pretest-cover', 'test-cover', 'posttest-cover' ]
5 info lifecycle qwebs-starter-kit-polymer@0.0.1~pretest-cover: qwebs-starter-kit-polymer@0.0.1
6 silly lifecycle qwebs-starter-kit-polymer@0.0.1~pretest-cover: no script for pretest-cover, continuing
7 info lifecycle qwebs-starter-kit-polymer@0.0.1~test-cover: qwebs-starter-kit-polymer@0.0.1
8 verbose lifecycle qwebs-starter-kit-polymer@0.0.1~test-cover: unsafe-perm in lifecycle true
9 verbose lifecycle qwebs-starter-kit-polymer@0.0.1~test-cover: PATH: C:\Program Files\nodejs\node_modules\npm\bin\node-gyp-bin;C:\Dev\qwebs\qwebs-starter-kit-polymer\node_modules\.bin;C:\Python27\;C:\Python27\Scripts;C:\Program Files\Common Files\Microsoft Shared\Windows Live;C:\Program Files (x86)\Common Files\Microsoft Shared\Windows Live;C:\WINDOWS\system32;C:\WINDOWS;C:\WINDOWS\System32\Wbem;C:\WINDOWS\System32\WindowsPowerShell\v1.0\;C:\Program Files (x86)\ATI Technologies\ATI.ACE\Core-Static;C:\Program Files (x86)\Windows Live\Shared;C:\Program Files\Git\cmd;C:\Program Files\MongoDB\Server\3.2\bin;C:\Program Files\nodejs\;C:\Program Files\TortoiseGit\bin;C:\Program Files (x86)\Microsoft VS Code\bin;C:\Users\Ben\AppData\Local\Microsoft\WindowsApps;C:\Users\Ben\AppData\Roaming\npm
10 verbose lifecycle qwebs-starter-kit-polymer@0.0.1~test-cover: CWD: C:\Dev\qwebs\qwebs-starter-kit-polymer
11 silly lifecycle qwebs-starter-kit-polymer@0.0.1~test-cover: Args: [ '/d /s /c',
11 silly lifecycle   'istanbul cover node_modules/jasmine-node/bin/jasmine-node --captureExceptions tests && cat coverage/lcov.info | node_modules/coveralls/bin/coveralls.js && rm -rf coverage' ]
12 silly lifecycle qwebs-starter-kit-polymer@0.0.1~test-cover: Returned: code: 255  signal: null
13 info lifecycle qwebs-starter-kit-polymer@0.0.1~test-cover: Failed to exec test-cover script
14 verbose stack Error: qwebs-starter-kit-polymer@0.0.1 test-cover: `istanbul cover node_modules/jasmine-node/bin/jasmine-node --captureExceptions tests && cat coverage/lcov.info | node_modules/coveralls/bin/coveralls.js && rm -rf coverage`
14 verbose stack Exit status 255
14 verbose stack     at EventEmitter.<anonymous> (C:\Program Files\nodejs\node_modules\npm\lib\utils\lifecycle.js:255:16)
14 verbose stack     at emitTwo (events.js:106:13)
14 verbose stack     at EventEmitter.emit (events.js:191:7)
14 verbose stack     at ChildProcess.<anonymous> (C:\Program Files\nodejs\node_modules\npm\lib\utils\spawn.js:40:14)
14 verbose stack     at emitTwo (events.js:106:13)
14 verbose stack     at ChildProcess.emit (events.js:191:7)
14 verbose stack     at maybeClose (internal/child_process.js:877:16)
14 verbose stack     at Process.ChildProcess._handle.onexit (internal/child_process.js:226:5)
15 verbose pkgid qwebs-starter-kit-polymer@0.0.1
16 verbose cwd C:\Dev\qwebs\qwebs-starter-kit-polymer
17 error Windows_NT 10.0.14393
18 error argv "C:\\Program Files\\nodejs\\node.exe" "C:\\Program Files\\nodejs\\node_modules\\npm\\bin\\npm-cli.js" "run-script" "test-cover"
19 error node v7.0.0
20 error npm  v3.10.8
21 error code ELIFECYCLE
22 error qwebs-starter-kit-polymer@0.0.1 test-cover: `istanbul cover node_modules/jasmine-node/bin/jasmine-node --captureExceptions tests && cat coverage/lcov.info | node_modules/coveralls/bin/coveralls.js && rm -rf coverage`
22 error Exit status 255
23 error Failed at the qwebs-starter-kit-polymer@0.0.1 test-cover script 'istanbul cover node_modules/jasmine-node/bin/jasmine-node --captureExceptions tests && cat coverage/lcov.info | node_modules/coveralls/bin/coveralls.js && rm -rf coverage'.
23 error Make sure you have the latest version of node.js and npm installed.
23 error If you do, this is most likely a problem with the qwebs-starter-kit-polymer package,
23 error not with npm itself.
23 error Tell the author that this fails on your system:
23 error     istanbul cover node_modules/jasmine-node/bin/jasmine-node --captureExceptions tests && cat coverage/lcov.info | node_modules/coveralls/bin/coveralls.js && rm -rf coverage
23 error You can get information on how to open an issue for this project with:
23 error     npm bugs qwebs-starter-kit-polymer
23 error Or if that isn't available, you can get their info via:
23 error     npm owner ls qwebs-starter-kit-polymer
23 error There is likely additional logging output above.
24 verbose exit [ 1, true ]
